c:\users\c00195564\desktop\moving.dot.sdl.dot\del\del\debug\vc141.pdb
c:\users\c00195564\desktop\moving.dot.sdl.dot\del\del\debug\vc141.idb
c:\users\c00195564\desktop\moving.dot.sdl.dot\del\del\debug\source.obj
c:\users\c00195564\desktop\moving.dot.sdl.dot - copy\del\del\debug\vc141.pdb
c:\users\c00195564\desktop\moving.dot.sdl.dot - copy\del\del\debug\vc141.idb
c:\users\c00195564\desktop\moving.dot.sdl.dot - copy\del\del\debug\dot.obj
c:\users\c00195564\desktop\moving.dot.sdl.dot - copy\del\del\debug\source.obj
c:\users\c00195564\desktop\moving.dot.sdl.dot - copy\del\del\debug\ltexture.obj
c:\users\c00195564\desktop\moving.dot.sdl.dot\del\debug\del.lib
c:\users\c00195564\desktop\moving.dot.sdl.dot\del\debug\del.exp
c:\users\c00195564\desktop\moving.dot.sdl.dot - copy\del\debug\del.lib
c:\users\c00195564\desktop\moving.dot.sdl.dot - copy\del\debug\del.exp
c:\users\c00195564\desktop\moving.dot.sdl.dot\del\debug\del.exe
c:\users\c00195564\desktop\moving.dot.sdl.dot\del\debug\del.ilk
c:\users\c00195564\desktop\moving.dot.sdl.dot\del\debug\del.pdb
c:\users\c00195564\desktop\moving.dot.sdl.dot - copy\del\debug\del.exe
c:\users\c00195564\desktop\moving.dot.sdl.dot - copy\del\debug\del.ilk
c:\users\c00195564\desktop\moving.dot.sdl.dot - copy\del\debug\del.pdb
c:\users\c00195564\desktop\moving.dot.sdl.dot - copy\del\del\debug\dot.obj.enc
c:\users\c00195564\desktop\moving.dot.sdl.dot - copy\del\del\debug\source.obj.enc
c:\users\c00195564\desktop\moving.dot.sdl.dot - copy\del\del\debug\del.tlog\cl.command.1.tlog
c:\users\c00195564\desktop\moving.dot.sdl.dot - copy\del\del\debug\del.tlog\cl.read.1.tlog
c:\users\c00195564\desktop\moving.dot.sdl.dot - copy\del\del\debug\del.tlog\cl.write.1.tlog
c:\users\c00195564\desktop\moving.dot.sdl.dot - copy\del\del\debug\del.tlog\del.write.1u.tlog
c:\users\c00195564\desktop\moving.dot.sdl.dot - copy\del\del\debug\del.tlog\link.7708.delete.1.tlog
c:\users\c00195564\desktop\moving.dot.sdl.dot - copy\del\del\debug\del.tlog\link.command.1.tlog
c:\users\c00195564\desktop\moving.dot.sdl.dot - copy\del\del\debug\del.tlog\link.read.1.tlog
c:\users\c00195564\desktop\moving.dot.sdl.dot - copy\del\del\debug\del.tlog\link.write.1.tlog
